<?xml version="1.0" encoding="UTF-8"?>
<testsuites>
  <testsuite name="Chrome_puppeteer_/packages/test-runner-junit-reporter/test/fixtures/flat/flat-test.js" id="0" tests="5" skipped="1" errors="1" failures="1" time="<<computed>>">
    <properties>
      <property name="test.fileName" value="packages/test-runner-junit-reporter/test/fixtures/flat/flat-test.js"/>
      <property name="browser.name" value="Chrome"/>
      <property name="browser.launcher" value="puppeteer"/>
    </properties>
    <testcase name="under addition" time="<<computed>>" classname="Chrome_puppeteer_/packages/test-runner-junit-reporter/test/fixtures/flat/flat-test.js" file="packages/test-runner-junit-reporter/test/fixtures/flat/flat-test.js"/>
    <testcase name="null hypothesis" time="<<computed>>" classname="Chrome_puppeteer_/packages/test-runner-junit-reporter/test/fixtures/flat/flat-test.js" file="packages/test-runner-junit-reporter/test/fixtures/flat/flat-test.js"/>
    <testcase name="asserts error" time="<<computed>>" classname="Chrome_puppeteer_/packages/test-runner-junit-reporter/test/fixtures/flat/flat-test.js" file="packages/test-runner-junit-reporter/test/fixtures/flat/flat-test.js" line="12">
      <failure message="expected false to be true" type="AssertionError"><![CDATA[AssertionError: expected false to be true
  at <<anonymous>> (packages/test-runner-junit-reporter/test/fixtures/flat/flat-test.js:12:27)]]></failure>
    </testcase>
    <testcase name="tbd: confirm true positive" time="<<computed>>" classname="Chrome_puppeteer_/packages/test-runner-junit-reporter/test/fixtures/flat/flat-test.js" file="packages/test-runner-junit-reporter/test/fixtures/flat/flat-test.js">
      <skipped/>
    </testcase>
    <testcase name="reports logs to JUnit" time="<<computed>>" classname="Chrome_puppeteer_/packages/test-runner-junit-reporter/test/fixtures/flat/flat-test.js" file="packages/test-runner-junit-reporter/test/fixtures/flat/flat-test.js"/>
  </testsuite>
</testsuites>