<?xml version="1.0" encoding="UTF-8"?>
<testsuites>
  <testsuite name="Chrome_puppeteer_/test/fixtures/multiple/nested.test.js" id="0" tests="1" skipped="0" errors="0" failures="0" time="0.001">
    <properties>
      <property name="test.fileName" value="<<cwd>>/packages/test-runner-junit-reporter/test/fixtures/multiple/nested.test.js"/>
      <property name="browser.name" value="Chrome"/>
      <property name="browser.launcher" value="puppeteer"/>
      <property name="browser.userAgent" value="<<useragent>>"/>
    </properties>
    <testcase name="is equivalent to map (f.g) f a" time="<<computed>>" classname="given a functor f and a function a -&gt; b map f map g f a"/>
  </testsuite>
  <testsuite name="Chrome_puppeteer_/test/fixtures/multiple/simple.test.js" id="0" tests="5" skipped="1" errors="1" failures="1" time="0.001">
    <properties>
      <property name="test.fileName" value="<<cwd>>/packages/test-runner-junit-reporter/test/fixtures/multiple/simple.test.js"/>
      <property name="browser.name" value="Chrome"/>
      <property name="browser.launcher" value="puppeteer"/>
      <property name="browser.userAgent" value="<<useragent>>"/>
    </properties>
    <testcase name="under addition" time="0.001" classname="real numbers forming a monoid"/>
    <testcase name="null hypothesis" time="0.001" classname="off-by-one boolean logic errors"/>
    <testcase name="asserts error" time="0.001" classname="off-by-one boolean logic errors">
      <failure message="expected false to be true" type="AssertionError"><![CDATA[AssertionError: expected false to be true
    at Context.<anonymous> (packages/test-runner-junit-reporter/test/fixtures/multiple/simple.test.js?<<unique>>:15:29)]]></failure>
    </testcase>
    <testcase name="tbd: confirm true positive" time="0" classname="off-by-one boolean logic errors">
      <skipped/>
    </testcase>
    <testcase name="reports logs to JUnit" time="0.001" classname="logging during a test"/>
  </testsuite>
</testsuites>